<?xml version="1.0" encoding="UTF-8"?>
<!-- Generated by org.testng.reporters.JUnitReportReporter -->
<testsuite hostname="ADMIN" failures="0" tests="1" name="com.crm.vtiger.contacts.CreateContactTest" time="23.216" errors="0" timestamp="2023-10-11T16:19:15 IST" skipped="0">
  <testcase classname="com.crm.vtiger.contacts.CreateContactTest" name="verifyUserCreateContact" time="23.216"/>
</testsuite> <!-- com.crm.vtiger.contacts.CreateContactTest -->
