<?xml version="1.0" encoding="UTF-8"?>
<!-- Generated by org.testng.reporters.JUnitReportReporter -->
<testsuite hostname="ADMIN" failures="0" tests="3" name="com.crm.vtiger.Practice.GetDataFromAnotherClass" time="0.013" errors="0" timestamp="2023-10-12T14:48:43 IST" skipped="0">
  <testcase classname="com.crm.vtiger.Practice.GetDataFromAnotherClass" name="get" time="0.002"/>
  <testcase classname="com.crm.vtiger.Practice.GetDataFromAnotherClass" name="get" time="0.002"/>
  <testcase classname="com.crm.vtiger.Practice.GetDataFromAnotherClass" name="get" time="0.009"/>
</testsuite> <!-- com.crm.vtiger.Practice.GetDataFromAnotherClass -->
