<?xml version="1.0" encoding="UTF-8"?>
<!-- Generated by org.testng.reporters.JUnitReportReporter -->
<testsuite hostname="ADMIN" failures="0" tests="2" name="com.crm.vtiger.Practice.DataProviderPractice" time="0.011" errors="0" timestamp="2023-10-12T14:26:52 IST" skipped="0">
  <testcase classname="com.crm.vtiger.Practice.DataProviderPractice" name="create" time="0.002"/>
  <testcase classname="com.crm.vtiger.Practice.DataProviderPractice" name="create" time="0.009"/>
</testsuite> <!-- com.crm.vtiger.Practice.DataProviderPractice -->
