<?xml version="1.0" encoding="UTF-8"?>
<!-- Generated by org.testng.reporters.JUnitReportReporter -->
<testsuite hostname="ADMIN" failures="0" tests="4" name="com.crm.vtiger.organisation.CreateMultipleorgTest" time="66.653" errors="0" timestamp="2023-10-17T17:39:08 IST" skipped="0">
  <testcase classname="com.crm.vtiger.organisation.CreateMultipleorgTest" name="verifyusercreatemultipleOrgtest" time="17.194"/>
  <testcase classname="com.crm.vtiger.organisation.CreateMultipleorgTest" name="verifyusercreatemultipleOrgtest" time="16.414"/>
  <testcase classname="com.crm.vtiger.organisation.CreateMultipleorgTest" name="verifyusercreatemultipleOrgtest" time="16.081"/>
  <testcase classname="com.crm.vtiger.organisation.CreateMultipleorgTest" name="verifyusercreatemultipleOrgtest" time="16.964"/>
</testsuite> <!-- com.crm.vtiger.organisation.CreateMultipleorgTest -->
