<?xml version="1.0" encoding="UTF-8"?>
<!-- Generated by org.testng.reporters.JUnitReportReporter -->
<testsuite hostname="ADMIN" failures="0" tests="3" name="com.crm.vtiger.Practice.DataProviderPractice2" time="0.016" errors="0" timestamp="2023-10-12T14:40:30 IST" skipped="0">
  <testcase classname="com.crm.vtiger.Practice.DataProviderPractice2" name="create" time="0.002"/>
  <testcase classname="com.crm.vtiger.Practice.DataProviderPractice2" name="create" time="0.004"/>
  <testcase classname="com.crm.vtiger.Practice.DataProviderPractice2" name="create" time="0.010"/>
</testsuite> <!-- com.crm.vtiger.Practice.DataProviderPractice2 -->
